<?xml version="1.0" encoding="UTF-8"?>
<!-- Generated by org.testng.reporters.JUnitReportReporter -->
<testsuite hostname="Suresh_D" failures="0" tests="3" name="com.sudha.ecommerce.tests.SignUpTest" time="9.873" errors="0" timestamp="2025-07-15T22:55:56 BST" skipped="0">
  <testcase classname="com.sudha.ecommerce.tests.SignUpTest" name="validSignUp" time="3.340"/>
  <testcase classname="com.sudha.ecommerce.tests.SignUpTest" name="inValidSignUp" time="3.483"/>
  <testcase classname="com.sudha.ecommerce.tests.SignUpTest" name="blankSignUp" time="3.050"/>
</testsuite> <!-- com.sudha.ecommerce.tests.SignUpTest -->
